<?xml version="1.0" encoding="UTF-8" standalone="no"?><!DOCTYPE report PUBLIC "-//JACOCO//DTD Report 1.1//EN" "report.dtd"><report name="Pester (12/07/2020 11:32:02)"><sessioninfo id="this" start="1607340716763" dump="1607340722453" /><package name="concourse-powershell-module"><class name="concourse-powershell-module/concourse" sourcefilename="concourse.psm1"><method name="&lt;script&gt;" desc="()" line="2"><counter type="INSTRUCTION" missed="0" covered="2" /><counter type="LINE" missed="0" covered="2" /><counter type="METHOD" missed="0" covered="1" /></method><method name="Invoke-ConcourseAuth" desc="()" line="24"><counter type="INSTRUCTION" missed="0" covered="17" /><counter type="LINE" missed="0" covered="8" /><counter type="METHOD" missed="0" covered="1" /></method><method name="Get-ConcoursePipeline" desc="()" line="163"><counter type="INSTRUCTION" missed="0" covered="31" /><counter type="LINE" missed="0" covered="23" /><counter type="METHOD" missed="0" covered="1" /></method><method name="Invoke-ConcourseJob" desc="()" line="280"><counter type="INSTRUCTION" missed="0" covered="42" /><counter type="LINE" missed="0" covered="29" /><counter type="METHOD" missed="0" covered="1" /></method><method name="Get-ConcourseJobStatus" desc="()" line="390"><counter type="INSTRUCTION" missed="0" covered="32" /><counter type="LINE" missed="0" covered="26" /><counter type="METHOD" missed="0" covered="1" /></method><method name="Get-Hello" desc="()" line="488"><counter type="INSTRUCTION" missed="1" covered="0" /><counter type="LINE" missed="1" covered="0" /><counter type="METHOD" missed="1" covered="0" /></method><counter type="INSTRUCTION" missed="1" covered="124" /><counter type="LINE" missed="1" covered="88" /><counter type="METHOD" missed="1" covered="5" /><counter type="CLASS" missed="0" covered="1" /></class><sourcefile name="concourse.psm1"><line nr="2" mi="0" ci="1" mb="0" cb="0" /><line nr="24" mi="0" ci="1" mb="0" cb="0" /><line nr="25" mi="0" ci="1" mb="0" cb="0" /><line nr="26" mi="0" ci="3" mb="0" cb="0" /><line nr="27" mi="0" ci="3" mb="0" cb="0" /><line nr="28" mi="0" ci="1" mb="0" cb="0" /><line nr="29" mi="0" ci="3" mb="0" cb="0" /><line nr="32" mi="0" ci="4" mb="0" cb="0" /><line nr="33" mi="0" ci="1" mb="0" cb="0" /><line nr="163" mi="0" ci="1" mb="0" cb="0" /><line nr="164" mi="0" ci="1" mb="0" cb="0" /><line nr="165" mi="0" ci="2" mb="0" cb="0" /><line nr="166" mi="0" ci="1" mb="0" cb="0" /><line nr="167" mi="0" ci="1" mb="0" cb="0" /><line nr="168" mi="0" ci="1" mb="0" cb="0" /><line nr="169" mi="0" ci="1" mb="0" cb="0" /><line nr="170" mi="0" ci="1" mb="0" cb="0" /><line nr="171" mi="0" ci="1" mb="0" cb="0" /><line nr="172" mi="0" ci="1" mb="0" cb="0" /><line nr="173" mi="0" ci="1" mb="0" cb="0" /><line nr="174" mi="0" ci="1" mb="0" cb="0" /><line nr="175" mi="0" ci="1" mb="0" cb="0" /><line nr="176" mi="0" ci="1" mb="0" cb="0" /><line nr="178" mi="0" ci="1" mb="0" cb="0" /><line nr="180" mi="0" ci="1" mb="0" cb="0" /><line nr="181" mi="0" ci="1" mb="0" cb="0" /><line nr="182" mi="0" ci="3" mb="0" cb="0" /><line nr="184" mi="0" ci="1" mb="0" cb="0" /><line nr="185" mi="0" ci="3" mb="0" cb="0" /><line nr="187" mi="0" ci="1" mb="0" cb="0" /><line nr="190" mi="0" ci="4" mb="0" cb="0" /><line nr="191" mi="0" ci="1" mb="0" cb="0" /><line nr="280" mi="0" ci="1" mb="0" cb="0" /><line nr="281" mi="0" ci="1" mb="0" cb="0" /><line nr="282" mi="0" ci="1" mb="0" cb="0" /><line nr="285" mi="0" ci="2" mb="0" cb="0" /><line nr="286" mi="0" ci="3" mb="0" cb="0" /><line nr="287" mi="0" ci="1" mb="0" cb="0" /><line nr="288" mi="0" ci="1" mb="0" cb="0" /><line nr="289" mi="0" ci="1" mb="0" cb="0" /><line nr="290" mi="0" ci="1" mb="0" cb="0" /><line nr="291" mi="0" ci="1" mb="0" cb="0" /><line nr="292" mi="0" ci="1" mb="0" cb="0" /><line nr="293" mi="0" ci="1" mb="0" cb="0" /><line nr="294" mi="0" ci="1" mb="0" cb="0" /><line nr="295" mi="0" ci="1" mb="0" cb="0" /><line nr="296" mi="0" ci="1" mb="0" cb="0" /><line nr="297" mi="0" ci="1" mb="0" cb="0" /><line nr="300" mi="0" ci="1" mb="0" cb="0" /><line nr="301" mi="0" ci="1" mb="0" cb="0" /><line nr="302" mi="0" ci="4" mb="0" cb="0" /><line nr="304" mi="0" ci="1" mb="0" cb="0" /><line nr="305" mi="0" ci="1" mb="0" cb="0" /><line nr="306" mi="0" ci="1" mb="0" cb="0" /><line nr="307" mi="0" ci="1" mb="0" cb="0" /><line nr="309" mi="0" ci="3" mb="0" cb="0" /><line nr="310" mi="0" ci="1" mb="0" cb="0" /><line nr="311" mi="0" ci="3" mb="0" cb="0" /><line nr="312" mi="0" ci="1" mb="0" cb="0" /><line nr="315" mi="0" ci="4" mb="0" cb="0" /><line nr="316" mi="0" ci="1" mb="0" cb="0" /><line nr="390" mi="0" ci="1" mb="0" cb="0" /><line nr="391" mi="0" ci="1" mb="0" cb="0" /><line nr="392" mi="0" ci="1" mb="0" cb="0" /><line nr="394" mi="0" ci="2" mb="0" cb="0" /><line nr="395" mi="0" ci="1" mb="0" cb="0" /><line nr="396" mi="0" ci="1" mb="0" cb="0" /><line nr="397" mi="0" ci="1" mb="0" cb="0" /><line nr="398" mi="0" ci="1" mb="0" cb="0" /><line nr="399" mi="0" ci="1" mb="0" cb="0" /><line nr="400" mi="0" ci="1" mb="0" cb="0" /><line nr="401" mi="0" ci="1" mb="0" cb="0" /><line nr="402" mi="0" ci="1" mb="0" cb="0" /><line nr="403" mi="0" ci="1" mb="0" cb="0" /><line nr="404" mi="0" ci="1" mb="0" cb="0" /><line nr="405" mi="0" ci="1" mb="0" cb="0" /><line nr="407" mi="0" ci="1" mb="0" cb="0" /><line nr="408" mi="0" ci="1" mb="0" cb="0" /><line nr="409" mi="0" ci="1" mb="0" cb="0" /><line nr="410" mi="0" ci="1" mb="0" cb="0" /><line nr="411" mi="0" ci="1" mb="0" cb="0" /><line nr="412" mi="0" ci="1" mb="0" cb="0" /><line nr="414" mi="0" ci="3" mb="0" cb="0" /><line nr="415" mi="0" ci="1" mb="0" cb="0" /><line nr="416" mi="0" ci="1" mb="0" cb="0" /><line nr="419" mi="0" ci="4" mb="0" cb="0" /><line nr="420" mi="0" ci="1" mb="0" cb="0" /><line nr="488" mi="1" ci="0" mb="0" cb="0" /><line nr="495" mi="0" ci="1" mb="0" cb="0" /><counter type="INSTRUCTION" missed="1" covered="124" /><counter type="LINE" missed="1" covered="88" /><counter type="METHOD" missed="1" covered="5" /><counter type="CLASS" missed="0" covered="1" /></sourcefile><counter type="INSTRUCTION" missed="1" covered="124" /><counter type="LINE" missed="1" covered="88" /><counter type="METHOD" missed="1" covered="5" /><counter type="CLASS" missed="0" covered="1" /></package><counter type="INSTRUCTION" missed="1" covered="124" /><counter type="LINE" missed="1" covered="88" /><counter type="METHOD" missed="1" covered="5" /><counter type="CLASS" missed="0" covered="1" /></report>
